#
# There is insufficient memory for the Java Runtime Environment to continue.
# Native memory allocation (mmap) failed to map 117440512 bytes for G1 virtual space
# Possible reasons:
#   The system is out of physical RAM or swap space
#   The process is running with CompressedOops enabled, and the Java Heap may be blocking the growth of the native heap
# Possible solutions:
#   Reduce memory load on the system
#   Increase physical memory or swap space
#   Check if swap backing store is full
#   Decrease Java heap size (-Xmx/-Xms)
#   Decrease number of Java threads
#   Decrease Java thread stack sizes (-Xss)
#   Set larger code cache with -XX:ReservedCodeCacheSize=
#   JVM is running with Unscaled Compressed Oops mode in which the Java heap is
#     placed in the first 4GB address space. The Java Heap base address is the
#     maximum limit for the native heap growth. Please use -XX:HeapBaseMinAddress
#     to set the Java Heap base and to place the Java Heap above 4GB virtual address.
# This output file may be truncated or incomplete.
#
#  Out of Memory Error (os_windows.cpp:3825), pid=8808, tid=13392
#
# JRE version:  (17.0.9+7) (build )
# Java VM: OpenJDK 64-Bit Server VM (17.0.9+7-b1000.46, mixed mode, sharing, tiered, compressed oops, compressed class ptrs, g1 gc, windows-amd64)
# No core dump will be written. Minidumps are not enabled by default on client versions of Windows
#

---------------  S U M M A R Y ------------

Command Line: git4idea.http.GitAskPassApp Username for 'https://github.com': 

Host: AMD Ryzen 5 3500U with Radeon Vega Mobile Gfx  , 8 cores, 6G,  Windows 10 , 64 bit Build 19041 (10.0.19041.2546)
Time: Sun Jan 21 13:27:30 2024 ora solare Europa occidentale elapsed time: 0.030215 seconds (0d 0h 0m 0s)

---------------  T H R E A D  ---------------

Current thread (0x000002418128dc90):  JavaThread "Unknown thread" [_thread_in_vm, id=13392, stack(0x0000004443f00000,0x0000004444000000)]

Stack: [0x0000004443f00000,0x0000004444000000]
Native frames: (J=compiled Java code, j=interpreted, Vv=VM code, C=native code)
V  [jvm.dll+0x6886e9]
V  [jvm.dll+0x841e4a]
V  [jvm.dll+0x843a8e]
V  [jvm.dll+0x8440f3]
V  [jvm.dll+0x24c14f]
V  [jvm.dll+0x685499]
V  [jvm.dll+0x679c2a]
V  [jvm.dll+0x30cf9b]
V  [jvm.dll+0x314446]
V  [jvm.dll+0x36425e]
V  [jvm.dll+0x36448f]
V  [jvm.dll+0x2e2d68]
V  [jvm.dll+0x2e3cd4]
V  [jvm.dll+0x8129f1]
V  [jvm.dll+0x3720c1]
V  [jvm.dll+0x7f152c]
V  [jvm.dll+0x3f5d4f]
V  [jvm.dll+0x3f7981]
C  [jli.dll+0x528f]
C  [ucrtbase.dll+0x21bb2]
C  [KERNEL32.DLL+0x17614]
C  [ntdll.dll+0x526a1]


---------------  P R O C E S S  ---------------

Threads class SMR info:
_java_thread_list=0x00007ff8c1f4ef18, length=0, elements={
}

Java Threads: ( => current thread )

Other Threads:
  0x00000241812e0440 GCTaskThread "GC Thread#0" [stack: 0x0000004444000000,0x0000004444100000] [id=17944]
  0x00000241812f0940 ConcurrentGCThread "G1 Main Marker" [stack: 0x0000004444100000,0x0000004444200000] [id=15940]
  0x00000241812f1360 ConcurrentGCThread "G1 Conc#0" [stack: 0x0000004444200000,0x0000004444300000] [id=12676]

[error occurred during error reporting (printing all threads), id 0xc0000005, EXCEPTION_ACCESS_VIOLATION (0xc0000005) at pc=0x00007ff8c1703937]

VM state: not at safepoint (not fully initialized)

VM Mutex/Monitor currently owned by a thread:  ([mutex/lock_event])
[0x0000024181289610] Heap_lock - owner thread: 0x000002418128dc90

Heap address: 0x0000000091000000, size: 1776 MB, Compressed Oops mode: 32-bit

CDS archive(s) mapped at: [0x0000000000000000-0x0000000000000000-0x0000000000000000), size 0, SharedBaseAddress: 0x0000000800000000, ArchiveRelocationMode: 1.
Narrow klass base: 0x0000000000000000, Narrow klass shift: 0, Narrow klass range: 0x0

GC Precious Log:
<Empty>

Heap:
 garbage-first heap   total 0K, used 0K [0x0000000091000000, 0x0000000100000000)
  region size 1024K, 0 young (0K), 0 survivors (0K)
 Metaspace       used 0K, committed 0K, reserved 0K
  class space    used 0K, committed 0K, reserved 0K

Heap Regions: E=young(eden), S=young(survivor), O=old, HS=humongous(starts), HC=humongous(continues), CS=collection set, F=free, OA=open archive, CA=closed archive, TAMS=top-at-mark-start (previous, next)

Card table byte_map: [0x0000024195fd0000,0x0000024196350000] _byte_map_base: 0x0000024195b48000

Marking Bits (Prev, Next): (CMBitMap*) 0x00000241812e0a60, (CMBitMap*) 0x00000241812e0aa0
 Prev Bits: [0x00000241966d0000, 0x0000024198290000)
 Next Bits: [0x0000024198290000, 0x0000024199e50000)

GC Heap History (0 events):
No events

Dll operation events (1 events):
Event: 0.017 Loaded shared library D:\download\programmi\intellij ultimate\IntelliJ IDEA 2023.2.5\jbr\bin\java.dll

Deoptimization events (0 events):
No events

Classes unloaded (0 events):
No events

Classes redefined (0 events):
No events

Internal exceptions (0 events):
No events

VM Operations (0 events):
No events

Events (0 events):
No events


Dynamic libraries:
0x00007ff7aba80000 - 0x00007ff7aba8a000 	D:\download\programmi\intellij ultimate\IntelliJ IDEA 2023.2.5\jbr\bin\java.exe
0x00007ff9012f0000 - 0x00007ff9014e8000 	C:\WINDOWS\SYSTEM32\ntdll.dll
0x00007ff900c70000 - 0x00007ff900d2f000 	C:\WINDOWS\System32\KERNEL32.DLL
0x00007ff8fedc0000 - 0x00007ff8ff092000 	C:\WINDOWS\System32\KERNELBASE.dll
0x00007ff8feab0000 - 0x00007ff8febb0000 	C:\WINDOWS\System32\ucrtbase.dll
0x00007ff8f8580000 - 0x00007ff8f8597000 	D:\download\programmi\intellij ultimate\IntelliJ IDEA 2023.2.5\jbr\bin\jli.dll
0x00007ff8dd6a0000 - 0x00007ff8dd6bb000 	D:\download\programmi\intellij ultimate\IntelliJ IDEA 2023.2.5\jbr\bin\VCRUNTIME140.dll
0x00007ff900590000 - 0x00007ff900731000 	C:\WINDOWS\System32\USER32.dll
0x00007ff8f20f0000 - 0x00007ff8f238a000 	C:\WINDOWS\WinSxS\amd64_microsoft.windows.common-controls_6595b64144ccf1df_6.0.19041.1110_none_60b5254171f9507e\COMCTL32.dll
0x00007ff8fe9e0000 - 0x00007ff8fea02000 	C:\WINDOWS\System32\win32u.dll
0x00007ff901210000 - 0x00007ff9012ae000 	C:\WINDOWS\System32\msvcrt.dll
0x00007ff8ff680000 - 0x00007ff8ff6ab000 	C:\WINDOWS\System32\GDI32.dll
0x00007ff8fecb0000 - 0x00007ff8fedbf000 	C:\WINDOWS\System32\gdi32full.dll
0x00007ff8fea10000 - 0x00007ff8feaad000 	C:\WINDOWS\System32\msvcp_win.dll
0x00007ff9011d0000 - 0x00007ff901202000 	C:\WINDOWS\System32\IMM32.DLL
0x00007ff8f1bf0000 - 0x00007ff8f1bfc000 	D:\download\programmi\intellij ultimate\IntelliJ IDEA 2023.2.5\jbr\bin\vcruntime140_1.dll
0x00007ff8d13d0000 - 0x00007ff8d145d000 	D:\download\programmi\intellij ultimate\IntelliJ IDEA 2023.2.5\jbr\bin\msvcp140.dll
0x00007ff8c1410000 - 0x00007ff8c2093000 	D:\download\programmi\intellij ultimate\IntelliJ IDEA 2023.2.5\jbr\bin\server\jvm.dll
0x00007ff8ff6b0000 - 0x00007ff8ff75e000 	C:\WINDOWS\System32\ADVAPI32.dll
0x00007ff9007d0000 - 0x00007ff90086c000 	C:\WINDOWS\System32\sechost.dll
0x00007ff8ff4e0000 - 0x00007ff8ff605000 	C:\WINDOWS\System32\RPCRT4.dll
0x00007ff8e0070000 - 0x00007ff8e0079000 	C:\WINDOWS\SYSTEM32\WSOCK32.dll
0x00007ff900760000 - 0x00007ff9007cb000 	C:\WINDOWS\System32\WS2_32.dll
0x00007ff8fe850000 - 0x00007ff8fe89b000 	C:\WINDOWS\SYSTEM32\POWRPROF.dll
0x00007ff8f35d0000 - 0x00007ff8f35f7000 	C:\WINDOWS\SYSTEM32\WINMM.dll
0x00007ff8f4780000 - 0x00007ff8f478a000 	C:\WINDOWS\SYSTEM32\VERSION.dll
0x00007ff8fe830000 - 0x00007ff8fe842000 	C:\WINDOWS\SYSTEM32\UMPDC.dll
0x00007ff8fd240000 - 0x00007ff8fd252000 	C:\WINDOWS\SYSTEM32\kernel.appcore.dll
0x00007ff8f9e60000 - 0x00007ff8f9e6a000 	D:\download\programmi\intellij ultimate\IntelliJ IDEA 2023.2.5\jbr\bin\jimage.dll
0x00007ff8fcca0000 - 0x00007ff8fce84000 	C:\WINDOWS\SYSTEM32\DBGHELP.DLL
0x00007ff8ea0f0000 - 0x00007ff8ea125000 	C:\WINDOWS\SYSTEM32\dbgcore.DLL
0x00007ff8fec20000 - 0x00007ff8feca2000 	C:\WINDOWS\System32\bcryptPrimitives.dll
0x00007ff8f8770000 - 0x00007ff8f8795000 	D:\download\programmi\intellij ultimate\IntelliJ IDEA 2023.2.5\jbr\bin\java.dll

dbghelp: loaded successfully - version: 4.0.5 - missing functions: none
symbol engine: initialized successfully - sym options: 0x614 - pdb path: .;D:\download\programmi\intellij ultimate\IntelliJ IDEA 2023.2.5\jbr\bin;C:\WINDOWS\SYSTEM32;C:\WINDOWS\WinSxS\amd64_microsoft.windows.common-controls_6595b64144ccf1df_6.0.19041.1110_none_60b5254171f9507e;D:\download\programmi\intellij ultimate\IntelliJ IDEA 2023.2.5\jbr\bin\server

VM Arguments:
java_command: git4idea.http.GitAskPassApp Username for 'https://github.com': 
java_class_path (initial): D:/download/programmi/intellij ultimate/IntelliJ IDEA 2023.2.5/plugins/vcs-git/lib/git4idea-rt.jar;D:/download/programmi/intellij ultimate/IntelliJ IDEA 2023.2.5/lib/externalProcess-rt.jar
Launcher Type: SUN_STANDARD

[Global flags]
     intx CICompilerCount                          = 4                                         {product} {ergonomic}
     uint ConcGCThreads                            = 2                                         {product} {ergonomic}
     uint G1ConcRefinementThreads                  = 8                                         {product} {ergonomic}
   size_t G1HeapRegionSize                         = 1048576                                   {product} {ergonomic}
    uintx GCDrainStackTargetSize                   = 64                                        {product} {ergonomic}
   size_t InitialHeapSize                          = 117440512                                 {product} {ergonomic}
   size_t MarkStackSize                            = 4194304                                   {product} {ergonomic}
   size_t MaxHeapSize                              = 1862270976                                {product} {ergonomic}
   size_t MinHeapDeltaBytes                        = 1048576                                   {product} {ergonomic}
   size_t MinHeapSize                              = 8388608                                   {product} {ergonomic}
    uintx NonNMethodCodeHeapSize                   = 5839372                                {pd product} {ergonomic}
    uintx NonProfiledCodeHeapSize                  = 122909434                              {pd product} {ergonomic}
    uintx ProfiledCodeHeapSize                     = 122909434                              {pd product} {ergonomic}
    uintx ReservedCodeCacheSize                    = 251658240                              {pd product} {ergonomic}
     bool SegmentedCodeCache                       = true                                      {product} {ergonomic}
   size_t SoftMaxHeapSize                          = 1862270976                             {manageable} {ergonomic}
     bool UseCompressedClassPointers               = true                           {product lp64_product} {ergonomic}
     bool UseCompressedOops                        = true                           {product lp64_product} {ergonomic}
     bool UseG1GC                                  = true                                      {product} {ergonomic}
     bool UseLargePagesIndividualAllocation        = false                                  {pd product} {ergonomic}

Logging:
Log output configuration:
 #0: stdout all=warning uptime,level,tags
 #1: stderr all=off uptime,level,tags

Environment Variables:
JAVA_HOME=D:\download\programmi\java\Nuova cartella\java-se-8u41-ri
PATH=C:\Program Files\Git\mingw64\libexec\git-core;C:\Program Files\Git\mingw64\libexec\git-core;C:\Program Files\Git\mingw64\bin;C:\Program Files\Git\usr\bin;C:\Users\nazzy\bin;E:\VMware\bin;C:\Program Files\Common Files\Oracle\Java\javapath;C:\Program Files (x86)\Common Files\Oracle\Java\javapath;C:\Program Files\Python311\Scripts;C:\Program Files\Python311;C:\Program Files (x86)\Common Files\Intel\Shared Libraries\redist\intel64\compiler;C:\WINDOWS\system32;C:\WINDOWS;C:\WINDOWS\System32\Wbem;C:\WINDOWS\System32\WindowsPowerShell\v1.0;C:\WINDOWS\System32\OpenSSH;C:\Program Files (x86)\Windows Live\Shared;D:\download\programmi\java\Nuova cartella\java-se-8u41-ri\bin;C:\Users\nazzy\AppData\Local\Android\Sdk\tools\bin;C:\Users\nazzy\AppData\Local\Android\Sdk\platform-tools;C:\xampp\mysql\bin;D:\download\mariadb\bin;C:\Program Files\Git\cmd;D:\download\programmi\node;C:\Users\nazzy\AppData\Local\Microsoft\WindowsApps;C:\MinGW\bin;D:\download\programmi\Microsoft VS Code\bin;D:\download\programmi\intellij ultimate\IntelliJ IDEA 2023.2.5\bin;C:\Users\nazzy\AppData\Roaming\npm;C:\Users\nazzy\AppData\Local\GitHubDesktop\bin
USERNAME=nazzy
DISPLAY=:0.0
LC_ALL=en_US.UTF-8
TERM=xterm-256color
TMPDIR=C:\Users\nazzy\AppData\Local\Temp
OS=Windows_NT
PROCESSOR_IDENTIFIER=AMD64 Family 23 Model 24 Stepping 1, AuthenticAMD
TMP=C:\Users\nazzy\AppData\Local\Temp
TEMP=C:\Users\nazzy\AppData\Local\Temp



Periodic native trim disabled

JNI global refs:
JNI global refs: 0, weak refs: 0

JNI global refs memory usage: 0, weak refs: 0

OOME stack traces (most recent first):
Classloader memory used:


---------------  S Y S T E M  ---------------

OS:
 Windows 10 , 64 bit Build 19041 (10.0.19041.2546)
OS uptime: 0 days 2:08 hours
Hyper-V role detected

CPU: total 8 (initial active 8) (8 cores per cpu, 2 threads per core) family 23 model 24 stepping 1 microcode 0x0, cx8, cmov, fxsr, ht, mmx, 3dnowpref, sse, sse2, sse3, ssse3, sse4a, sse4.1, sse4.2, popcnt, lzcnt, tsc, tscinvbit, avx, avx2, aes, clmul, bmi1, bmi2, adx, sha, fma, vzeroupper, clflush, clflushopt, hv
Processor Information for all 8 processors :
  Max Mhz: 2100, Current Mhz: 2100, Mhz Limit: 2100

Memory: 4k page, system-wide physical 7103M (420M free)
TotalPageFile size 16174M (AvailPageFile size 105M)
current process WorkingSet (physical memory assigned to process): 10M, peak: 10M
current process commit charge ("private bytes"): 60M, peak: 172M

vm_info: OpenJDK 64-Bit Server VM (17.0.9+7-b1000.46) for windows-amd64 JRE (17.0.9+7-b1000.46), built on 2023-10-27 by "builduser" with MS VC++ 16.10 / 16.11 (VS2019)

END.
